{"contracts\\interfaces\\IMantraClaimDropV2.sol":{"l":{},"path":"C:\\Users\\deepa\\Downloads\\Claim-Drop-Contract\\contracts\\interfaces\\IMantraClaimDropV2.sol","s":{},"b":{},"f":{},"fnMap":{},"statementMap":{},"branchMap":{}},"contracts\\MantraAdmin.sol":{"l":{"18":2,"19":2,"20":1,"21":1,"23":1,"24":1,"26":2,"31":2,"43":1,"44":1,"45":0,"48":1,"49":1,"50":0,"51":0,"52":0,"53":0,"54":0,"55":0,"58":0,"59":0,"63":1,"64":0,"67":1,"68":0,"71":1,"72":1,"74":1,"75":1,"76":1,"78":1,"82":1,"83":1,"84":1,"85":1,"86":3,"87":1,"88":1,"94":1,"95":1,"96":1,"97":0,"99":1,"104":1,"105":1,"106":1,"107":1,"108":3,"109":1,"110":1,"116":3,"117":3,"121":2,"130":2,"131":2,"133":2,"134":2,"136":2,"143":1,"144":1,"146":1,"149":1,"150":1,"151":1,"155":1,"158":1,"159":1,"161":1,"168":1,"170":1,"171":1,"172":1,"174":1,"182":2},"path":"C:\\Users\\deepa\\Downloads\\Claim-Drop-Contract\\contracts\\MantraAdmin.sol","s":{"1":2,"2":2,"3":1,"4":1,"5":1,"6":1,"7":2,"8":2,"9":1,"10":1,"11":0,"12":1,"13":1,"14":0,"15":0,"16":0,"17":0,"18":0,"19":1,"20":1,"21":0,"22":1,"23":1,"24":1,"25":1,"26":1,"27":1,"28":1,"29":1,"30":3,"31":1,"32":1,"33":1,"34":1,"35":1,"36":1,"37":1,"38":1,"39":1,"40":3,"41":1,"42":1,"43":3,"44":2,"45":2,"46":2,"47":2,"48":1,"49":1,"50":1,"51":1,"52":1,"53":1,"54":1,"55":1,"56":1,"57":1,"58":2},"b":{"1":[2,0],"2":[1,1],"3":[0,1],"4":[0,1],"5":[0,0],"6":[0,0],"7":[0,1],"8":[0,1],"9":[1,0],"10":[1,0],"11":[1,0],"12":[1,0],"13":[1,2],"14":[1,0],"15":[1,0],"16":[1,0],"17":[1,0],"18":[1,2],"19":[3,0],"20":[2,0],"21":[2,0],"22":[2,0],"23":[1,1],"24":[1,0],"25":[1,0],"26":[0,1],"27":[1,0],"28":[1,0],"29":[1,0]},"f":{"1":2,"2":2,"3":1,"4":1,"5":1,"6":1,"7":3,"8":2,"9":2,"10":1,"11":1,"12":2},"fnMap":{"1":{"name":"manageAuthorizedWallets","line":17,"loc":{"start":{"line":17,"column":4},"end":{"line":28,"column":4}}},"2":{"name":"isAuthorized","line":30,"loc":{"start":{"line":30,"column":4},"end":{"line":32,"column":4}}},"3":{"name":"getAuthorizedWallets","line":42,"loc":{"start":{"line":42,"column":4},"end":{"line":79,"column":4}}},"4":{"name":"replaceAddress","line":81,"loc":{"start":{"line":81,"column":4},"end":{"line":91,"column":4}}},"5":{"name":"removeAllocationByIndexPreserveOrder","line":93,"loc":{"start":{"line":93,"column":4},"end":{"line":100,"column":4}}},"6":{"name":"removeAddress","line":103,"loc":{"start":{"line":103,"column":4},"end":{"line":113,"column":4}}},"7":{"name":"blacklistAddress","line":115,"loc":{"start":{"line":115,"column":4},"end":{"line":118,"column":4}}},"8":{"name":"isBlacklisted","line":120,"loc":{"start":{"line":120,"column":4},"end":{"line":122,"column":4}}},"9":{"name":"proposeOwnership","line":129,"loc":{"start":{"line":129,"column":4},"end":{"line":137,"column":4}}},"10":{"name":"acceptOwnership","line":142,"loc":{"start":{"line":142,"column":4},"end":{"line":162,"column":4}}},"11":{"name":"cancelOwnershipTransfer","line":167,"loc":{"start":{"line":167,"column":4},"end":{"line":175,"column":4}}},"12":{"name":"checkOwnership","line":181,"loc":{"start":{"line":181,"column":4},"end":{"line":183,"column":4}}}},"statementMap":{"1":{"start":{"line":18,"column":8},"end":{"line":18,"column":882}},"2":{"start":{"line":19,"column":12},"end":{"line":19,"column":943}},"3":{"start":{"line":20,"column":16},"end":{"line":20,"column":50}},"4":{"start":{"line":21,"column":16},"end":{"line":21,"column":51}},"5":{"start":{"line":23,"column":16},"end":{"line":23,"column":51}},"6":{"start":{"line":24,"column":16},"end":{"line":24,"column":52}},"7":{"start":{"line":26,"column":12},"end":{"line":26,"column":50}},"8":{"start":{"line":31,"column":8},"end":{"line":31,"column":45}},"9":{"start":{"line":43,"column":8},"end":{"line":43,"column":59}},"10":{"start":{"line":44,"column":8},"end":{"line":44,"column":2050}},"11":{"start":{"line":45,"column":12},"end":{"line":45,"column":35}},"12":{"start":{"line":48,"column":8},"end":{"line":48,"column":30}},"13":{"start":{"line":49,"column":8},"end":{"line":49,"column":2161}},"14":{"start":{"line":50,"column":12},"end":{"line":50,"column":30}},"15":{"start":{"line":51,"column":12},"end":{"line":51,"column":2243}},"16":{"start":{"line":52,"column":16},"end":{"line":52,"column":2302}},"17":{"start":{"line":58,"column":12},"end":{"line":58,"column":2537}},"18":{"start":{"line":59,"column":16},"end":{"line":59,"column":39}},"19":{"start":{"line":63,"column":8},"end":{"line":63,"column":2626}},"20":{"start":{"line":67,"column":8},"end":{"line":67,"column":2691}},"21":{"start":{"line":68,"column":12},"end":{"line":68,"column":35}},"22":{"start":{"line":71,"column":8},"end":{"line":71,"column":46}},"23":{"start":{"line":72,"column":8},"end":{"line":72,"column":60}},"24":{"start":{"line":75,"column":8},"end":{"line":75,"column":2932}},"25":{"start":{"line":78,"column":8},"end":{"line":78,"column":22}},"26":{"start":{"line":82,"column":8},"end":{"line":82,"column":57}},"27":{"start":{"line":83,"column":8},"end":{"line":83,"column":57}},"28":{"start":{"line":84,"column":8},"end":{"line":84,"column":49}},"29":{"start":{"line":85,"column":8},"end":{"line":85,"column":3479}},"30":{"start":{"line":86,"column":12},"end":{"line":86,"column":3532}},"31":{"start":{"line":88,"column":16},"end":{"line":88,"column":58}},"32":{"start":{"line":94,"column":8},"end":{"line":94,"column":49}},"33":{"start":{"line":95,"column":8},"end":{"line":95,"column":36}},"34":{"start":{"line":96,"column":8},"end":{"line":96,"column":3910}},"35":{"start":{"line":99,"column":8},"end":{"line":99,"column":33}},"36":{"start":{"line":104,"column":8},"end":{"line":104,"column":51}},"37":{"start":{"line":105,"column":8},"end":{"line":105,"column":71}},"38":{"start":{"line":106,"column":8},"end":{"line":106,"column":49}},"39":{"start":{"line":107,"column":8},"end":{"line":107,"column":4386}},"40":{"start":{"line":108,"column":12},"end":{"line":108,"column":4439}},"41":{"start":{"line":109,"column":16},"end":{"line":109,"column":54}},"42":{"start":{"line":110,"column":16},"end":{"line":110,"column":43}},"43":{"start":{"line":117,"column":8},"end":{"line":117,"column":44}},"44":{"start":{"line":121,"column":8},"end":{"line":121,"column":32}},"45":{"start":{"line":130,"column":8},"end":{"line":130,"column":60}},"46":{"start":{"line":131,"column":8},"end":{"line":131,"column":78}},"47":{"start":{"line":136,"column":8},"end":{"line":136,"column":48}},"48":{"start":{"line":143,"column":8},"end":{"line":143,"column":63}},"49":{"start":{"line":144,"column":8},"end":{"line":144,"column":94}},"50":{"start":{"line":146,"column":8},"end":{"line":146,"column":37}},"51":{"start":{"line":149,"column":8},"end":{"line":149,"column":51}},"52":{"start":{"line":150,"column":8},"end":{"line":150,"column":6105}},"53":{"start":{"line":151,"column":12},"end":{"line":151,"column":57}},"54":{"start":{"line":161,"column":8},"end":{"line":161,"column":55}},"55":{"start":{"line":168,"column":8},"end":{"line":168,"column":65}},"56":{"start":{"line":170,"column":8},"end":{"line":170,"column":45}},"57":{"start":{"line":174,"column":8},"end":{"line":174,"column":55}},"58":{"start":{"line":182,"column":8},"end":{"line":182,"column":53}}},"branchMap":{"1":{"line":17,"type":"if","locations":[{"start":{"line":17,"column":83},"end":{"line":17,"column":83}},{"start":{"line":17,"column":83},"end":{"line":17,"column":83}}]},"2":{"line":19,"type":"if","locations":[{"start":{"line":19,"column":12},"end":{"line":19,"column":12}},{"start":{"line":19,"column":12},"end":{"line":19,"column":12}}]},"3":{"line":44,"type":"if","locations":[{"start":{"line":44,"column":8},"end":{"line":44,"column":8}},{"start":{"line":44,"column":8},"end":{"line":44,"column":8}}]},"4":{"line":49,"type":"if","locations":[{"start":{"line":49,"column":8},"end":{"line":49,"column":8}},{"start":{"line":49,"column":8},"end":{"line":49,"column":8}}]},"5":{"line":52,"type":"if","locations":[{"start":{"line":52,"column":16},"end":{"line":52,"column":16}},{"start":{"line":52,"column":16},"end":{"line":52,"column":16}}]},"6":{"line":58,"type":"if","locations":[{"start":{"line":58,"column":12},"end":{"line":58,"column":12}},{"start":{"line":58,"column":12},"end":{"line":58,"column":12}}]},"7":{"line":63,"type":"if","locations":[{"start":{"line":63,"column":8},"end":{"line":63,"column":8}},{"start":{"line":63,"column":8},"end":{"line":63,"column":8}}]},"8":{"line":67,"type":"if","locations":[{"start":{"line":67,"column":8},"end":{"line":67,"column":8}},{"start":{"line":67,"column":8},"end":{"line":67,"column":8}}]},"9":{"line":72,"type":"if","locations":[{"start":{"line":72,"column":43},"end":{"line":72,"column":51}},{"start":{"line":72,"column":55},"end":{"line":72,"column":59}}]},"10":{"line":81,"type":"if","locations":[{"start":{"line":81,"column":75},"end":{"line":81,"column":75}},{"start":{"line":81,"column":75},"end":{"line":81,"column":75}}]},"11":{"line":82,"type":"if","locations":[{"start":{"line":82,"column":8},"end":{"line":82,"column":8}},{"start":{"line":82,"column":8},"end":{"line":82,"column":8}}]},"12":{"line":83,"type":"if","locations":[{"start":{"line":83,"column":8},"end":{"line":83,"column":8}},{"start":{"line":83,"column":8},"end":{"line":83,"column":8}}]},"13":{"line":86,"type":"if","locations":[{"start":{"line":86,"column":12},"end":{"line":86,"column":12}},{"start":{"line":86,"column":12},"end":{"line":86,"column":12}}]},"14":{"line":95,"type":"if","locations":[{"start":{"line":95,"column":8},"end":{"line":95,"column":8}},{"start":{"line":95,"column":8},"end":{"line":95,"column":8}}]},"15":{"line":103,"type":"if","locations":[{"start":{"line":103,"column":52},"end":{"line":103,"column":52}},{"start":{"line":103,"column":52},"end":{"line":103,"column":52}}]},"16":{"line":104,"type":"if","locations":[{"start":{"line":104,"column":8},"end":{"line":104,"column":8}},{"start":{"line":104,"column":8},"end":{"line":104,"column":8}}]},"17":{"line":105,"type":"if","locations":[{"start":{"line":105,"column":8},"end":{"line":105,"column":8}},{"start":{"line":105,"column":8},"end":{"line":105,"column":8}}]},"18":{"line":108,"type":"if","locations":[{"start":{"line":108,"column":12},"end":{"line":108,"column":12}},{"start":{"line":108,"column":12},"end":{"line":108,"column":12}}]},"19":{"line":115,"type":"if","locations":[{"start":{"line":115,"column":72},"end":{"line":115,"column":72}},{"start":{"line":115,"column":72},"end":{"line":115,"column":72}}]},"20":{"line":129,"type":"if","locations":[{"start":{"line":129,"column":73},"end":{"line":129,"column":73}},{"start":{"line":129,"column":73},"end":{"line":129,"column":73}}]},"21":{"line":130,"type":"if","locations":[{"start":{"line":130,"column":8},"end":{"line":130,"column":8}},{"start":{"line":130,"column":8},"end":{"line":130,"column":8}}]},"22":{"line":131,"type":"if","locations":[{"start":{"line":131,"column":8},"end":{"line":131,"column":8}},{"start":{"line":131,"column":8},"end":{"line":131,"column":8}}]},"23":{"line":131,"type":"cond-expr","locations":[{"start":{"line":131,"column":16},"end":{"line":131,"column":26}},{"start":{"line":131,"column":31},"end":{"line":131,"column":54}}]},"24":{"line":143,"type":"if","locations":[{"start":{"line":143,"column":8},"end":{"line":143,"column":8}},{"start":{"line":143,"column":8},"end":{"line":143,"column":8}}]},"25":{"line":144,"type":"if","locations":[{"start":{"line":144,"column":8},"end":{"line":144,"column":8}},{"start":{"line":144,"column":8},"end":{"line":144,"column":8}}]},"26":{"line":144,"type":"cond-expr","locations":[{"start":{"line":144,"column":16},"end":{"line":144,"column":35}},{"start":{"line":144,"column":40},"end":{"line":144,"column":73}}]},"27":{"line":150,"type":"if","locations":[{"start":{"line":150,"column":8},"end":{"line":150,"column":8}},{"start":{"line":150,"column":8},"end":{"line":150,"column":8}}]},"28":{"line":167,"type":"if","locations":[{"start":{"line":167,"column":48},"end":{"line":167,"column":48}},{"start":{"line":167,"column":48},"end":{"line":167,"column":48}}]},"29":{"line":168,"type":"if","locations":[{"start":{"line":168,"column":8},"end":{"line":168,"column":8}},{"start":{"line":168,"column":8},"end":{"line":168,"column":8}}]}}},"contracts\\MantraClaimDropV2.sol":{"l":{"25":45,"30":45,"37":24,"38":23,"41":22,"42":22,"43":22,"45":22,"47":22,"54":20,"57":20,"58":20,"59":20,"60":20,"61":20,"62":20,"63":20,"64":20,"65":20,"68":20,"69":2,"73":20,"74":20,"75":39,"76":39,"83":39,"87":20,"90":19,"91":0,"93":19,"94":18,"97":18,"105":21,"106":21,"107":21,"108":21,"109":20,"111":1,"113":0,"120":14,"121":31,"122":31,"130":31,"131":31,"135":31,"146":6,"147":6,"148":6,"149":5,"151":5,"152":5,"153":5,"154":5,"155":5,"156":10,"157":5,"160":5,"161":5,"162":5,"167":5,"168":5,"169":5,"170":5,"173":5,"176":5,"177":5,"180":5,"181":5,"182":5,"183":0,"185":0,"187":5,"188":5,"189":5,"194":5,"197":5,"198":5,"199":5,"200":5,"203":5,"206":5,"207":5,"210":4,"213":4,"214":0,"218":4,"219":4,"221":4,"225":4,"230":4,"231":4,"233":4,"234":4,"235":4,"236":4,"237":4,"238":4,"241":4,"247":4,"254":4,"256":4,"260":4,"262":0,"263":0,"265":4,"266":4,"272":0,"273":0,"278":0,"279":0,"280":0,"281":0,"288":1,"291":1,"294":1,"295":1,"297":0,"300":1,"303":1,"304":1,"306":0,"307":0,"310":1,"311":1,"316":1,"318":1,"337":2,"338":0,"341":2,"342":2,"343":2,"344":2,"345":2,"346":4,"347":2,"349":2,"350":2,"351":2,"356":2,"357":2,"358":2,"359":2,"364":2,"365":0,"368":2,"369":2,"371":2,"372":2,"373":2,"374":0,"376":0,"378":2,"379":2,"380":2,"384":2,"385":2,"386":2,"387":2,"388":2,"391":2,"392":2,"393":2,"397":2,"407":2,"418":1,"421":1,"422":1,"423":1,"424":1,"425":1,"428":0,"429":0,"430":0,"433":0,"434":0,"436":0,"437":0,"438":0,"439":0,"444":0,"445":0,"446":0,"447":0,"450":0,"451":0,"452":0,"453":0,"454":0,"455":0,"456":0,"457":0,"458":0,"461":0,"472":5,"473":5,"474":1,"478":4,"480":1,"481":1,"482":1,"483":3,"484":2,"485":2,"486":2,"489":1,"493":3,"494":3,"495":1,"496":1,"497":1,"498":1,"501":1,"504":3,"505":3,"506":2,"507":2,"510":3,"511":3,"512":3,"513":6,"514":6,"515":6,"516":6,"517":6,"520":3,"525":1,"526":1,"527":1,"529":1,"533":1,"536":1,"537":1,"538":2,"539":2,"540":2,"541":1,"543":1,"546":0,"549":1,"551":1,"552":1,"553":1,"556":1,"572":1,"580":1,"581":1,"582":1,"583":1},"path":"C:\\Users\\deepa\\Downloads\\Claim-Drop-Contract\\contracts\\MantraClaimDropV2.sol","s":{"1":45,"2":24,"3":23,"4":22,"5":22,"6":22,"7":20,"8":20,"9":2,"10":20,"11":20,"12":39,"13":39,"14":20,"15":19,"16":0,"17":19,"18":18,"19":18,"20":21,"21":21,"22":21,"23":21,"24":20,"25":1,"26":1,"27":0,"28":14,"29":31,"30":31,"31":31,"32":31,"33":31,"34":6,"35":6,"36":6,"37":5,"38":5,"39":5,"40":5,"41":5,"42":5,"43":10,"44":5,"45":5,"46":5,"47":5,"48":5,"49":5,"50":5,"51":5,"52":5,"53":5,"54":5,"55":5,"56":5,"57":5,"58":5,"59":5,"60":5,"61":5,"62":5,"63":5,"64":4,"65":4,"66":4,"67":4,"68":4,"69":4,"70":4,"71":4,"72":4,"73":4,"74":4,"75":4,"76":0,"77":0,"78":4,"79":4,"80":0,"81":0,"82":0,"83":1,"84":1,"85":1,"86":1,"87":1,"88":0,"89":0,"90":1,"91":1,"92":1,"93":2,"94":0,"95":2,"96":2,"97":2,"98":2,"99":2,"100":4,"101":2,"102":2,"103":2,"104":2,"105":2,"106":0,"107":2,"108":2,"109":2,"110":2,"111":2,"112":2,"113":2,"114":2,"115":2,"116":2,"117":2,"118":2,"119":2,"120":2,"121":2,"122":2,"123":1,"124":1,"125":1,"126":1,"127":1,"128":1,"129":0,"130":0,"131":0,"132":0,"133":0,"134":0,"135":0,"136":0,"137":0,"138":0,"139":0,"140":0,"141":0,"142":0,"143":0,"144":0,"145":0,"146":0,"147":0,"148":5,"149":5,"150":1,"151":4,"152":1,"153":1,"154":1,"155":3,"156":2,"157":1,"158":3,"159":3,"160":1,"161":1,"162":1,"163":3,"164":3,"165":2,"166":2,"167":3,"168":3,"169":3,"170":6,"171":6,"172":6,"173":3,"174":1,"175":1,"176":1,"177":1,"178":1,"179":1,"180":1,"181":2,"182":2,"183":2,"184":1,"185":1,"186":1,"187":1,"188":1,"189":1,"190":1,"191":1,"192":1,"193":1},"b":{"1":[45,0],"2":[45,0],"3":[23,1],"4":[22,1],"5":[20,0],"6":[19,1],"7":[0,19],"8":[0,0],"9":[18,0],"10":[21,0],"11":[20,1],"12":[1,0],"13":[14,0],"14":[31,0],"15":[31,0],"16":[6,0],"17":[6,0],"18":[5,1],"19":[5,0],"20":[5,5],"21":[5,0],"22":[5,0],"23":[5,0],"24":[5,0],"25":[0,5],"26":[0,5],"27":[5,0],"28":[5,0],"29":[0,5],"30":[4,1],"31":[0,4],"32":[4,0],"33":[4,0],"34":[0,4],"35":[0,0],"36":[4,0],"37":[0,0],"38":[0,0],"39":[0,0],"40":[0,0],"41":[1,0],"42":[0,1],"43":[1,0],"44":[0,1],"45":[0,0],"46":[1,0],"47":[0,2],"48":[2,2],"49":[2,0],"50":[2,0],"51":[0,2],"52":[2,0],"53":[0,2],"54":[0,2],"55":[2,0],"56":[2,0],"57":[1,0],"58":[0,0],"59":[0,0],"60":[0,0],"61":[0,0],"62":[0,0],"63":[0,0],"64":[1,4],"65":[1,3],"66":[2,1],"67":[1,1],"68":[1,2],"69":[1,0],"70":[0,1],"71":[2,1],"72":[1,1],"73":[3,3],"74":[1,1],"75":[1,0],"76":[1,0],"77":[0,1],"78":[1,0]},"f":{"1":45,"2":24,"3":20,"4":21,"5":14,"6":31,"7":6,"8":4,"9":0,"10":1,"11":2,"12":1,"13":5,"14":1,"15":1},"fnMap":{"1":{"name":"onlyAuthorized","line":24,"loc":{"start":{"line":24,"column":4},"end":{"line":31,"column":4}}},"2":{"name":"initialize","line":36,"loc":{"start":{"line":36,"column":4},"end":{"line":49,"column":4}}},"3":{"name":"createCampaign","line":51,"loc":{"start":{"line":51,"column":4},"end":{"line":98,"column":4}}},"4":{"name":"manageCampaign","line":104,"loc":{"start":{"line":104,"column":4},"end":{"line":115,"column":4}}},"5":{"name":"batchUpload","line":119,"loc":{"start":{"line":119,"column":4},"end":{"line":124,"column":4}}},"6":{"name":"addAllocation","line":129,"loc":{"start":{"line":127,"column":4},"end":{"line":136,"column":4}}},"7":{"name":"claim","line":142,"loc":{"start":{"line":142,"column":4},"end":{"line":257,"column":4}}},"8":{"name":"_transferReward","line":259,"loc":{"start":{"line":259,"column":4},"end":{"line":268,"column":4}}},"9":{"name":"topUpERC20","line":277,"loc":{"start":{"line":277,"column":4},"end":{"line":282,"column":4}}},"10":{"name":"closeCampaign","line":287,"loc":{"start":{"line":287,"column":4},"end":{"line":319,"column":4}}},"11":{"name":"getRewards","line":335,"loc":{"start":{"line":335,"column":4},"end":{"line":408,"column":4}}},"12":{"name":"getClaim","line":417,"loc":{"start":{"line":417,"column":4},"end":{"line":462,"column":4}}},"13":{"name":"getAllocations","line":471,"loc":{"start":{"line":471,"column":4},"end":{"line":521,"column":4}}},"14":{"name":"getCampaign","line":523,"loc":{"start":{"line":523,"column":4},"end":{"line":573,"column":4}}},"15":{"name":"getOwnership","line":579,"loc":{"start":{"line":579,"column":4},"end":{"line":590,"column":4}}}},"statementMap":{"1":{"start":{"line":25,"column":8},"end":{"line":25,"column":835}},"2":{"start":{"line":37,"column":8},"end":{"line":37,"column":52}},"3":{"start":{"line":38,"column":8},"end":{"line":38,"column":54}},"4":{"start":{"line":41,"column":8},"end":{"line":41,"column":45}},"5":{"start":{"line":42,"column":8},"end":{"line":42,"column":42}},"6":{"start":{"line":43,"column":8},"end":{"line":43,"column":43}},"7":{"start":{"line":54,"column":8},"end":{"line":54,"column":60}},"8":{"start":{"line":68,"column":8},"end":{"line":68,"column":2403}},"9":{"start":{"line":69,"column":12},"end":{"line":69,"column":39}},"10":{"start":{"line":73,"column":8},"end":{"line":73,"column":26}},"11":{"start":{"line":74,"column":8},"end":{"line":74,"column":2629}},"12":{"start":{"line":75,"column":12},"end":{"line":75,"column":65}},"13":{"start":{"line":76,"column":12},"end":{"line":76,"column":2779}},"14":{"start":{"line":87,"column":8},"end":{"line":87,"column":63}},"15":{"start":{"line":90,"column":8},"end":{"line":90,"column":3262}},"16":{"start":{"line":91,"column":12},"end":{"line":91,"column":84}},"17":{"start":{"line":93,"column":12},"end":{"line":93,"column":125}},"18":{"start":{"line":94,"column":12},"end":{"line":94,"column":45}},"19":{"start":{"line":97,"column":8},"end":{"line":97,"column":100}},"20":{"start":{"line":105,"column":8},"end":{"line":105,"column":55}},"21":{"start":{"line":106,"column":8},"end":{"line":106,"column":64}},"22":{"start":{"line":107,"column":8},"end":{"line":107,"column":62}},"23":{"start":{"line":108,"column":8},"end":{"line":108,"column":4329}},"24":{"start":{"line":109,"column":12},"end":{"line":109,"column":46}},"25":{"start":{"line":110,"column":15},"end":{"line":110,"column":4418}},"26":{"start":{"line":111,"column":12},"end":{"line":111,"column":26}},"27":{"start":{"line":113,"column":12},"end":{"line":113,"column":35}},"28":{"start":{"line":120,"column":8},"end":{"line":120,"column":4858}},"29":{"start":{"line":121,"column":12},"end":{"line":121,"column":53}},"30":{"start":{"line":122,"column":12},"end":{"line":122,"column":31}},"31":{"start":{"line":130,"column":8},"end":{"line":130,"column":72}},"32":{"start":{"line":131,"column":11},"end":{"line":131,"column":5299}},"33":{"start":{"line":135,"column":11},"end":{"line":135,"column":49}},"34":{"start":{"line":146,"column":8},"end":{"line":146,"column":54}},"35":{"start":{"line":147,"column":8},"end":{"line":147,"column":60}},"36":{"start":{"line":148,"column":8},"end":{"line":148,"column":63}},"37":{"start":{"line":149,"column":8},"end":{"line":149,"column":77}},"38":{"start":{"line":151,"column":8},"end":{"line":151,"column":30}},"39":{"start":{"line":152,"column":8},"end":{"line":152,"column":33}},"40":{"start":{"line":153,"column":8},"end":{"line":153,"column":28}},"41":{"start":{"line":154,"column":8},"end":{"line":154,"column":26}},"42":{"start":{"line":155,"column":8},"end":{"line":155,"column":6243}},"43":{"start":{"line":156,"column":12},"end":{"line":156,"column":6322}},"44":{"start":{"line":159,"column":19},"end":{"line":159,"column":6504}},"45":{"start":{"line":167,"column":8},"end":{"line":167,"column":36}},"46":{"start":{"line":168,"column":8},"end":{"line":168,"column":6944}},"47":{"start":{"line":169,"column":12},"end":{"line":169,"column":7021}},"48":{"start":{"line":173,"column":8},"end":{"line":173,"column":53}},"49":{"start":{"line":176,"column":8},"end":{"line":176,"column":77}},"50":{"start":{"line":177,"column":8},"end":{"line":177,"column":81}},"51":{"start":{"line":180,"column":8},"end":{"line":180,"column":30}},"52":{"start":{"line":181,"column":8},"end":{"line":181,"column":7582}},"53":{"start":{"line":182,"column":12},"end":{"line":182,"column":7623}},"54":{"start":{"line":184,"column":19},"end":{"line":184,"column":7714}},"55":{"start":{"line":187,"column":16},"end":{"line":187,"column":64}},"56":{"start":{"line":188,"column":16},"end":{"line":188,"column":60}},"57":{"start":{"line":194,"column":8},"end":{"line":194,"column":57}},"58":{"start":{"line":197,"column":8},"end":{"line":197,"column":59}},"59":{"start":{"line":198,"column":8},"end":{"line":198,"column":38}},"60":{"start":{"line":199,"column":8},"end":{"line":199,"column":8331}},"61":{"start":{"line":203,"column":8},"end":{"line":203,"column":58}},"62":{"start":{"line":206,"column":8},"end":{"line":206,"column":71}},"63":{"start":{"line":207,"column":8},"end":{"line":207,"column":77}},"64":{"start":{"line":213,"column":8},"end":{"line":213,"column":8921}},"65":{"start":{"line":221,"column":8},"end":{"line":221,"column":9170}},"66":{"start":{"line":225,"column":8},"end":{"line":225,"column":9323}},"67":{"start":{"line":230,"column":8},"end":{"line":230,"column":33}},"68":{"start":{"line":231,"column":8},"end":{"line":231,"column":91}},"69":{"start":{"line":233,"column":8},"end":{"line":233,"column":36}},"70":{"start":{"line":234,"column":8},"end":{"line":234,"column":9645}},"71":{"start":{"line":235,"column":12},"end":{"line":235,"column":9722}},"72":{"start":{"line":236,"column":16},"end":{"line":236,"column":9795}},"73":{"start":{"line":254,"column":8},"end":{"line":254,"column":47}},"74":{"start":{"line":256,"column":8},"end":{"line":256,"column":43}},"75":{"start":{"line":260,"column":8},"end":{"line":260,"column":10594}},"76":{"start":{"line":262,"column":12},"end":{"line":262,"column":61}},"77":{"start":{"line":263,"column":12},"end":{"line":263,"column":48}},"78":{"start":{"line":265,"column":12},"end":{"line":265,"column":78}},"79":{"start":{"line":266,"column":12},"end":{"line":266,"column":47}},"80":{"start":{"line":278,"column":8},"end":{"line":278,"column":98}},"81":{"start":{"line":279,"column":8},"end":{"line":279,"column":101}},"82":{"start":{"line":280,"column":8},"end":{"line":280,"column":41}},"83":{"start":{"line":288,"column":8},"end":{"line":288,"column":53}},"84":{"start":{"line":294,"column":8},"end":{"line":294,"column":24}},"85":{"start":{"line":295,"column":8},"end":{"line":295,"column":12162}},"86":{"start":{"line":303,"column":8},"end":{"line":303,"column":12491}},"87":{"start":{"line":304,"column":12},"end":{"line":304,"column":12528}},"88":{"start":{"line":306,"column":16},"end":{"line":306,"column":75}},"89":{"start":{"line":307,"column":16},"end":{"line":307,"column":50}},"90":{"start":{"line":310,"column":16},"end":{"line":310,"column":92}},"91":{"start":{"line":311,"column":16},"end":{"line":311,"column":49}},"92":{"start":{"line":318,"column":8},"end":{"line":318,"column":63}},"93":{"start":{"line":337,"column":8},"end":{"line":337,"column":13879}},"94":{"start":{"line":338,"column":12},"end":{"line":338,"column":200}},"95":{"start":{"line":341,"column":8},"end":{"line":341,"column":30}},"96":{"start":{"line":342,"column":8},"end":{"line":342,"column":33}},"97":{"start":{"line":343,"column":8},"end":{"line":343,"column":28}},"98":{"start":{"line":344,"column":8},"end":{"line":344,"column":26}},"99":{"start":{"line":345,"column":8},"end":{"line":345,"column":14257}},"100":{"start":{"line":346,"column":12},"end":{"line":346,"column":14336}},"101":{"start":{"line":348,"column":19},"end":{"line":348,"column":14516}},"102":{"start":{"line":356,"column":8},"end":{"line":356,"column":36}},"103":{"start":{"line":357,"column":8},"end":{"line":357,"column":14934}},"104":{"start":{"line":358,"column":12},"end":{"line":358,"column":15011}},"105":{"start":{"line":364,"column":8},"end":{"line":364,"column":15206}},"106":{"start":{"line":365,"column":12},"end":{"line":365,"column":266}},"107":{"start":{"line":368,"column":8},"end":{"line":368,"column":77}},"108":{"start":{"line":369,"column":8},"end":{"line":369,"column":81}},"109":{"start":{"line":371,"column":8},"end":{"line":371,"column":30}},"110":{"start":{"line":372,"column":8},"end":{"line":372,"column":15725}},"111":{"start":{"line":373,"column":12},"end":{"line":373,"column":15766}},"112":{"start":{"line":375,"column":19},"end":{"line":375,"column":15857}},"113":{"start":{"line":378,"column":16},"end":{"line":378,"column":64}},"114":{"start":{"line":379,"column":16},"end":{"line":379,"column":60}},"115":{"start":{"line":384,"column":8},"end":{"line":384,"column":57}},"116":{"start":{"line":385,"column":8},"end":{"line":385,"column":57}},"117":{"start":{"line":386,"column":8},"end":{"line":386,"column":38}},"118":{"start":{"line":387,"column":8},"end":{"line":387,"column":16351}},"119":{"start":{"line":391,"column":8},"end":{"line":391,"column":33}},"120":{"start":{"line":392,"column":8},"end":{"line":392,"column":16515}},"121":{"start":{"line":397,"column":8},"end":{"line":397,"column":16715}},"122":{"start":{"line":407,"column":8},"end":{"line":407,"column":19}},"123":{"start":{"line":418,"column":8},"end":{"line":418,"column":50}},"124":{"start":{"line":421,"column":8},"end":{"line":421,"column":17941}},"125":{"start":{"line":422,"column":12},"end":{"line":422,"column":63}},"126":{"start":{"line":423,"column":12},"end":{"line":423,"column":72}},"127":{"start":{"line":424,"column":12},"end":{"line":424,"column":135}},"128":{"start":{"line":425,"column":12},"end":{"line":425,"column":74}},"129":{"start":{"line":428,"column":8},"end":{"line":428,"column":49}},"130":{"start":{"line":429,"column":8},"end":{"line":429,"column":18403}},"131":{"start":{"line":430,"column":12},"end":{"line":430,"column":37}},"132":{"start":{"line":433,"column":8},"end":{"line":433,"column":30}},"133":{"start":{"line":434,"column":8},"end":{"line":434,"column":18514}},"134":{"start":{"line":436,"column":12},"end":{"line":436,"column":18600}},"135":{"start":{"line":437,"column":16},"end":{"line":437,"column":18657}},"136":{"start":{"line":444,"column":8},"end":{"line":444,"column":30}},"137":{"start":{"line":445,"column":8},"end":{"line":445,"column":18854}},"138":{"start":{"line":446,"column":12},"end":{"line":446,"column":49}},"139":{"start":{"line":447,"column":12},"end":{"line":447,"column":56}},"140":{"start":{"line":450,"column":8},"end":{"line":450,"column":31}},"141":{"start":{"line":451,"column":8},"end":{"line":451,"column":25}},"142":{"start":{"line":452,"column":8},"end":{"line":452,"column":19066}},"143":{"start":{"line":453,"column":12},"end":{"line":453,"column":54}},"144":{"start":{"line":454,"column":12},"end":{"line":454,"column":54}},"145":{"start":{"line":455,"column":12},"end":{"line":455,"column":63}},"146":{"start":{"line":456,"column":12},"end":{"line":456,"column":135}},"147":{"start":{"line":461,"column":8},"end":{"line":461,"column":69}},"148":{"start":{"line":472,"column":8},"end":{"line":472,"column":49}},"149":{"start":{"line":473,"column":8},"end":{"line":473,"column":20202}},"150":{"start":{"line":474,"column":12},"end":{"line":474,"column":41}},"151":{"start":{"line":478,"column":8},"end":{"line":478,"column":20359}},"152":{"start":{"line":480,"column":12},"end":{"line":480,"column":38}},"153":{"start":{"line":481,"column":12},"end":{"line":481,"column":29}},"154":{"start":{"line":482,"column":12},"end":{"line":482,"column":20558}},"155":{"start":{"line":483,"column":16},"end":{"line":483,"column":20615}},"156":{"start":{"line":484,"column":20},"end":{"line":484,"column":154}},"157":{"start":{"line":489,"column":12},"end":{"line":489,"column":80}},"158":{"start":{"line":493,"column":8},"end":{"line":493,"column":30}},"159":{"start":{"line":494,"column":8},"end":{"line":494,"column":21163}},"160":{"start":{"line":495,"column":12},"end":{"line":495,"column":21213}},"161":{"start":{"line":496,"column":16},"end":{"line":496,"column":21270}},"162":{"start":{"line":501,"column":12},"end":{"line":501,"column":50}},"163":{"start":{"line":504,"column":8},"end":{"line":504,"column":30}},"164":{"start":{"line":505,"column":8},"end":{"line":505,"column":21536}},"165":{"start":{"line":506,"column":12},"end":{"line":506,"column":49}},"166":{"start":{"line":507,"column":12},"end":{"line":507,"column":56}},"167":{"start":{"line":510,"column":8},"end":{"line":510,"column":31}},"168":{"start":{"line":511,"column":8},"end":{"line":511,"column":30}},"169":{"start":{"line":512,"column":8},"end":{"line":512,"column":21753}},"170":{"start":{"line":513,"column":12},"end":{"line":513,"column":54}},"171":{"start":{"line":514,"column":12},"end":{"line":514,"column":76}},"172":{"start":{"line":515,"column":12},"end":{"line":515,"column":106}},"173":{"start":{"line":520,"column":8},"end":{"line":520,"column":73}},"174":{"start":{"line":525,"column":8},"end":{"line":525,"column":42}},"175":{"start":{"line":526,"column":8},"end":{"line":526,"column":56}},"176":{"start":{"line":527,"column":8},"end":{"line":527,"column":56}},"177":{"start":{"line":529,"column":8},"end":{"line":529,"column":82}},"178":{"start":{"line":533,"column":8},"end":{"line":533,"column":64}},"179":{"start":{"line":536,"column":8},"end":{"line":536,"column":36}},"180":{"start":{"line":537,"column":8},"end":{"line":537,"column":22942}},"181":{"start":{"line":538,"column":12},"end":{"line":538,"column":61}},"182":{"start":{"line":539,"column":12},"end":{"line":539,"column":62}},"183":{"start":{"line":540,"column":12},"end":{"line":540,"column":23150}},"184":{"start":{"line":542,"column":19},"end":{"line":542,"column":23405}},"185":{"start":{"line":551,"column":8},"end":{"line":551,"column":66}},"186":{"start":{"line":552,"column":8},"end":{"line":552,"column":62}},"187":{"start":{"line":553,"column":8},"end":{"line":553,"column":84}},"188":{"start":{"line":556,"column":8},"end":{"line":556,"column":24285}},"189":{"start":{"line":572,"column":8},"end":{"line":572,"column":19}},"190":{"start":{"line":580,"column":8},"end":{"line":580,"column":124}},"191":{"start":{"line":581,"column":8},"end":{"line":581,"column":140}},"192":{"start":{"line":582,"column":8},"end":{"line":582,"column":63}},"193":{"start":{"line":583,"column":8},"end":{"line":583,"column":25625}}},"branchMap":{"1":{"line":25,"type":"if","locations":[{"start":{"line":25,"column":8},"end":{"line":25,"column":8}},{"start":{"line":25,"column":8},"end":{"line":25,"column":8}}]},"2":{"line":26,"type":"cond-expr","locations":[{"start":{"line":26,"column":12},"end":{"line":26,"column":50}},{"start":{"line":27,"column":12},"end":{"line":27,"column":47}}]},"3":{"line":37,"type":"if","locations":[{"start":{"line":37,"column":8},"end":{"line":37,"column":8}},{"start":{"line":37,"column":8},"end":{"line":37,"column":8}}]},"4":{"line":38,"type":"if","locations":[{"start":{"line":38,"column":8},"end":{"line":38,"column":8}},{"start":{"line":38,"column":8},"end":{"line":38,"column":8}}]},"5":{"line":54,"type":"if","locations":[{"start":{"line":54,"column":8},"end":{"line":54,"column":8}},{"start":{"line":54,"column":8},"end":{"line":54,"column":8}}]},"6":{"line":87,"type":"if","locations":[{"start":{"line":87,"column":8},"end":{"line":87,"column":8}},{"start":{"line":87,"column":8},"end":{"line":87,"column":8}}]},"7":{"line":90,"type":"if","locations":[{"start":{"line":90,"column":8},"end":{"line":90,"column":8}},{"start":{"line":90,"column":8},"end":{"line":90,"column":8}}]},"8":{"line":91,"type":"if","locations":[{"start":{"line":91,"column":12},"end":{"line":91,"column":12}},{"start":{"line":91,"column":12},"end":{"line":91,"column":12}}]},"9":{"line":94,"type":"if","locations":[{"start":{"line":94,"column":12},"end":{"line":94,"column":12}},{"start":{"line":94,"column":12},"end":{"line":94,"column":12}}]},"10":{"line":104,"type":"if","locations":[{"start":{"line":104,"column":59},"end":{"line":104,"column":59}},{"start":{"line":104,"column":59},"end":{"line":104,"column":59}}]},"11":{"line":108,"type":"if","locations":[{"start":{"line":108,"column":8},"end":{"line":108,"column":8}},{"start":{"line":108,"column":8},"end":{"line":108,"column":8}}]},"12":{"line":110,"type":"if","locations":[{"start":{"line":110,"column":15},"end":{"line":110,"column":15}},{"start":{"line":110,"column":15},"end":{"line":110,"column":15}}]},"13":{"line":119,"type":"if","locations":[{"start":{"line":119,"column":70},"end":{"line":119,"column":70}},{"start":{"line":119,"column":70},"end":{"line":119,"column":70}}]},"14":{"line":129,"type":"if","locations":[{"start":{"line":129,"column":13},"end":{"line":129,"column":13}},{"start":{"line":129,"column":13},"end":{"line":129,"column":13}}]},"15":{"line":130,"type":"if","locations":[{"start":{"line":130,"column":8},"end":{"line":130,"column":8}},{"start":{"line":130,"column":8},"end":{"line":130,"column":8}}]},"16":{"line":146,"type":"if","locations":[{"start":{"line":146,"column":8},"end":{"line":146,"column":8}},{"start":{"line":146,"column":8},"end":{"line":146,"column":8}}]},"17":{"line":147,"type":"if","locations":[{"start":{"line":147,"column":8},"end":{"line":147,"column":8}},{"start":{"line":147,"column":8},"end":{"line":147,"column":8}}]},"18":{"line":148,"type":"if","locations":[{"start":{"line":148,"column":8},"end":{"line":148,"column":8}},{"start":{"line":148,"column":8},"end":{"line":148,"column":8}}]},"19":{"line":149,"type":"if","locations":[{"start":{"line":149,"column":8},"end":{"line":149,"column":8}},{"start":{"line":149,"column":8},"end":{"line":149,"column":8}}]},"20":{"line":156,"type":"if","locations":[{"start":{"line":156,"column":12},"end":{"line":156,"column":12}},{"start":{"line":156,"column":12},"end":{"line":156,"column":12}}]},"21":{"line":159,"type":"if","locations":[{"start":{"line":159,"column":19},"end":{"line":159,"column":19}},{"start":{"line":159,"column":19},"end":{"line":159,"column":19}}]},"22":{"line":169,"type":"if","locations":[{"start":{"line":169,"column":12},"end":{"line":169,"column":12}},{"start":{"line":169,"column":12},"end":{"line":169,"column":12}}]},"23":{"line":173,"type":"if","locations":[{"start":{"line":173,"column":8},"end":{"line":173,"column":8}},{"start":{"line":173,"column":8},"end":{"line":173,"column":8}}]},"24":{"line":181,"type":"if","locations":[{"start":{"line":181,"column":8},"end":{"line":181,"column":8}},{"start":{"line":181,"column":8},"end":{"line":181,"column":8}}]},"25":{"line":182,"type":"if","locations":[{"start":{"line":182,"column":12},"end":{"line":182,"column":12}},{"start":{"line":182,"column":12},"end":{"line":182,"column":12}}]},"26":{"line":184,"type":"if","locations":[{"start":{"line":184,"column":19},"end":{"line":184,"column":19}},{"start":{"line":184,"column":19},"end":{"line":184,"column":19}}]},"27":{"line":199,"type":"if","locations":[{"start":{"line":199,"column":8},"end":{"line":199,"column":8}},{"start":{"line":199,"column":8},"end":{"line":199,"column":8}}]},"28":{"line":203,"type":"if","locations":[{"start":{"line":203,"column":8},"end":{"line":203,"column":8}},{"start":{"line":203,"column":8},"end":{"line":203,"column":8}}]},"29":{"line":206,"type":"if","locations":[{"start":{"line":206,"column":44},"end":{"line":206,"column":61}},{"start":{"line":206,"column":65},"end":{"line":206,"column":70}}]},"30":{"line":207,"type":"if","locations":[{"start":{"line":207,"column":8},"end":{"line":207,"column":8}},{"start":{"line":207,"column":8},"end":{"line":207,"column":8}}]},"31":{"line":213,"type":"if","locations":[{"start":{"line":213,"column":8},"end":{"line":213,"column":8}},{"start":{"line":213,"column":8},"end":{"line":213,"column":8}}]},"32":{"line":235,"type":"if","locations":[{"start":{"line":235,"column":12},"end":{"line":235,"column":12}},{"start":{"line":235,"column":12},"end":{"line":235,"column":12}}]},"33":{"line":236,"type":"if","locations":[{"start":{"line":236,"column":16},"end":{"line":236,"column":16}},{"start":{"line":236,"column":16},"end":{"line":236,"column":16}}]},"34":{"line":260,"type":"if","locations":[{"start":{"line":260,"column":8},"end":{"line":260,"column":8}},{"start":{"line":260,"column":8},"end":{"line":260,"column":8}}]},"35":{"line":263,"type":"if","locations":[{"start":{"line":263,"column":12},"end":{"line":263,"column":12}},{"start":{"line":263,"column":12},"end":{"line":263,"column":12}}]},"36":{"line":266,"type":"if","locations":[{"start":{"line":266,"column":12},"end":{"line":266,"column":12}},{"start":{"line":266,"column":12},"end":{"line":266,"column":12}}]},"37":{"line":272,"type":"if","locations":[{"start":{"line":272,"column":8},"end":{"line":272,"column":8}},{"start":{"line":272,"column":8},"end":{"line":272,"column":8}}]},"38":{"line":277,"type":"if","locations":[{"start":{"line":277,"column":49},"end":{"line":277,"column":49}},{"start":{"line":277,"column":49},"end":{"line":277,"column":49}}]},"39":{"line":278,"type":"if","locations":[{"start":{"line":278,"column":8},"end":{"line":278,"column":8}},{"start":{"line":278,"column":8},"end":{"line":278,"column":8}}]},"40":{"line":280,"type":"if","locations":[{"start":{"line":280,"column":8},"end":{"line":280,"column":8}},{"start":{"line":280,"column":8},"end":{"line":280,"column":8}}]},"41":{"line":288,"type":"if","locations":[{"start":{"line":288,"column":8},"end":{"line":288,"column":8}},{"start":{"line":288,"column":8},"end":{"line":288,"column":8}}]},"42":{"line":295,"type":"if","locations":[{"start":{"line":295,"column":8},"end":{"line":295,"column":8}},{"start":{"line":295,"column":8},"end":{"line":295,"column":8}}]},"43":{"line":303,"type":"if","locations":[{"start":{"line":303,"column":8},"end":{"line":303,"column":8}},{"start":{"line":303,"column":8},"end":{"line":303,"column":8}}]},"44":{"line":304,"type":"if","locations":[{"start":{"line":304,"column":12},"end":{"line":304,"column":12}},{"start":{"line":304,"column":12},"end":{"line":304,"column":12}}]},"45":{"line":307,"type":"if","locations":[{"start":{"line":307,"column":16},"end":{"line":307,"column":16}},{"start":{"line":307,"column":16},"end":{"line":307,"column":16}}]},"46":{"line":311,"type":"if","locations":[{"start":{"line":311,"column":16},"end":{"line":311,"column":16}},{"start":{"line":311,"column":16},"end":{"line":311,"column":16}}]},"47":{"line":337,"type":"if","locations":[{"start":{"line":337,"column":8},"end":{"line":337,"column":8}},{"start":{"line":337,"column":8},"end":{"line":337,"column":8}}]},"48":{"line":346,"type":"if","locations":[{"start":{"line":346,"column":12},"end":{"line":346,"column":12}},{"start":{"line":346,"column":12},"end":{"line":346,"column":12}}]},"49":{"line":348,"type":"if","locations":[{"start":{"line":348,"column":19},"end":{"line":348,"column":19}},{"start":{"line":348,"column":19},"end":{"line":348,"column":19}}]},"50":{"line":358,"type":"if","locations":[{"start":{"line":358,"column":12},"end":{"line":358,"column":12}},{"start":{"line":358,"column":12},"end":{"line":358,"column":12}}]},"51":{"line":364,"type":"if","locations":[{"start":{"line":364,"column":8},"end":{"line":364,"column":8}},{"start":{"line":364,"column":8},"end":{"line":364,"column":8}}]},"52":{"line":372,"type":"if","locations":[{"start":{"line":372,"column":8},"end":{"line":372,"column":8}},{"start":{"line":372,"column":8},"end":{"line":372,"column":8}}]},"53":{"line":373,"type":"if","locations":[{"start":{"line":373,"column":12},"end":{"line":373,"column":12}},{"start":{"line":373,"column":12},"end":{"line":373,"column":12}}]},"54":{"line":375,"type":"if","locations":[{"start":{"line":375,"column":19},"end":{"line":375,"column":19}},{"start":{"line":375,"column":19},"end":{"line":375,"column":19}}]},"55":{"line":387,"type":"if","locations":[{"start":{"line":387,"column":8},"end":{"line":387,"column":8}},{"start":{"line":387,"column":8},"end":{"line":387,"column":8}}]},"56":{"line":392,"type":"if","locations":[{"start":{"line":392,"column":8},"end":{"line":392,"column":8}},{"start":{"line":392,"column":8},"end":{"line":392,"column":8}}]},"57":{"line":421,"type":"if","locations":[{"start":{"line":421,"column":8},"end":{"line":421,"column":8}},{"start":{"line":421,"column":8},"end":{"line":421,"column":8}}]},"58":{"line":429,"type":"if","locations":[{"start":{"line":429,"column":8},"end":{"line":429,"column":8}},{"start":{"line":429,"column":8},"end":{"line":429,"column":8}}]},"59":{"line":434,"type":"if","locations":[{"start":{"line":434,"column":8},"end":{"line":434,"column":8}},{"start":{"line":434,"column":8},"end":{"line":434,"column":8}}]},"60":{"line":437,"type":"if","locations":[{"start":{"line":437,"column":16},"end":{"line":437,"column":16}},{"start":{"line":437,"column":16},"end":{"line":437,"column":16}}]},"61":{"line":445,"type":"if","locations":[{"start":{"line":445,"column":8},"end":{"line":445,"column":8}},{"start":{"line":445,"column":8},"end":{"line":445,"column":8}}]},"62":{"line":447,"type":"if","locations":[{"start":{"line":447,"column":12},"end":{"line":447,"column":12}},{"start":{"line":447,"column":12},"end":{"line":447,"column":12}}]},"63":{"line":457,"type":"if","locations":[{"start":{"line":457,"column":37},"end":{"line":457,"column":41}},{"start":{"line":457,"column":45},"end":{"line":457,"column":86}}]},"64":{"line":473,"type":"if","locations":[{"start":{"line":473,"column":8},"end":{"line":473,"column":8}},{"start":{"line":473,"column":8},"end":{"line":473,"column":8}}]},"65":{"line":478,"type":"if","locations":[{"start":{"line":478,"column":8},"end":{"line":478,"column":8}},{"start":{"line":478,"column":8},"end":{"line":478,"column":8}}]},"66":{"line":483,"type":"if","locations":[{"start":{"line":483,"column":16},"end":{"line":483,"column":16}},{"start":{"line":483,"column":16},"end":{"line":483,"column":16}}]},"67":{"line":485,"type":"if","locations":[{"start":{"line":485,"column":38},"end":{"line":485,"column":38}},{"start":{"line":485,"column":42},"end":{"line":485,"column":82}}]},"68":{"line":494,"type":"if","locations":[{"start":{"line":494,"column":8},"end":{"line":494,"column":8}},{"start":{"line":494,"column":8},"end":{"line":494,"column":8}}]},"69":{"line":496,"type":"if","locations":[{"start":{"line":496,"column":16},"end":{"line":496,"column":16}},{"start":{"line":496,"column":16},"end":{"line":496,"column":16}}]},"70":{"line":501,"type":"if","locations":[{"start":{"line":501,"column":12},"end":{"line":501,"column":12}},{"start":{"line":501,"column":12},"end":{"line":501,"column":12}}]},"71":{"line":505,"type":"if","locations":[{"start":{"line":505,"column":8},"end":{"line":505,"column":8}},{"start":{"line":505,"column":8},"end":{"line":505,"column":8}}]},"72":{"line":507,"type":"if","locations":[{"start":{"line":507,"column":12},"end":{"line":507,"column":12}},{"start":{"line":507,"column":12},"end":{"line":507,"column":12}}]},"73":{"line":516,"type":"if","locations":[{"start":{"line":516,"column":32},"end":{"line":516,"column":36}},{"start":{"line":516,"column":40},"end":{"line":516,"column":81}}]},"74":{"line":540,"type":"if","locations":[{"start":{"line":540,"column":12},"end":{"line":540,"column":12}},{"start":{"line":540,"column":12},"end":{"line":540,"column":12}}]},"75":{"line":542,"type":"if","locations":[{"start":{"line":542,"column":19},"end":{"line":542,"column":19}},{"start":{"line":542,"column":19},"end":{"line":542,"column":19}}]},"76":{"line":553,"type":"if","locations":[{"start":{"line":553,"column":49},"end":{"line":553,"column":51}},{"start":{"line":553,"column":55},"end":{"line":553,"column":83}}]},"77":{"line":580,"type":"if","locations":[{"start":{"line":580,"column":55},"end":{"line":580,"column":98}},{"start":{"line":580,"column":102},"end":{"line":580,"column":123}}]},"78":{"line":581,"type":"if","locations":[{"start":{"line":581,"column":64},"end":{"line":581,"column":107}},{"start":{"line":581,"column":111},"end":{"line":581,"column":139}}]}}},"contracts\\MantraHelpers.sol":{"l":{"8":26,"9":6,"11":20,"12":20,"13":20,"14":377,"15":377,"17":20,"18":20,"19":377,"20":377,"21":377,"23":20,"28":2,"29":2,"30":12,"31":12,"33":2,"38":2,"39":2,"40":2,"41":0,"43":2,"45":2,"46":2,"47":2,"48":2,"50":2,"51":2,"52":2,"59":10,"61":10,"62":10,"63":10,"65":10,"66":10,"67":200,"68":200,"69":200,"72":10},"path":"C:\\Users\\deepa\\Downloads\\Claim-Drop-Contract\\contracts\\MantraHelpers.sol","s":{"1":26,"2":6,"3":20,"4":20,"5":20,"6":20,"7":20,"8":20,"9":2,"10":2,"11":2,"12":2,"13":2,"14":2,"15":0,"16":2,"17":2,"18":2,"19":2,"20":2,"21":2,"22":2,"23":10,"24":10,"25":10,"26":10,"27":200,"28":10},"b":{"1":[6,20],"2":[0,2]},"f":{"1":26,"2":2,"3":2,"4":10},"fnMap":{"1":{"name":"uintToString","line":7,"loc":{"start":{"line":7,"column":4},"end":{"line":24,"column":4}}},"2":{"name":"pad6","line":26,"loc":{"start":{"line":26,"column":4},"end":{"line":34,"column":4}}},"3":{"name":"formatPercentage","line":36,"loc":{"start":{"line":36,"column":4},"end":{"line":53,"column":4}}},"4":{"name":"addressToString","line":58,"loc":{"start":{"line":58,"column":4},"end":{"line":73,"column":4}}}},"statementMap":{"1":{"start":{"line":8,"column":8},"end":{"line":8,"column":210}},"2":{"start":{"line":9,"column":12},"end":{"line":9,"column":22}},"3":{"start":{"line":11,"column":8},"end":{"line":11,"column":22}},"4":{"start":{"line":12,"column":8},"end":{"line":12,"column":23}},"5":{"start":{"line":13,"column":8},"end":{"line":13,"column":320}},"6":{"start":{"line":17,"column":8},"end":{"line":17,"column":47}},"7":{"start":{"line":18,"column":8},"end":{"line":18,"column":456}},"8":{"start":{"line":23,"column":8},"end":{"line":23,"column":29}},"9":{"start":{"line":28,"column":8},"end":{"line":28,"column":37}},"10":{"start":{"line":29,"column":8},"end":{"line":29,"column":818}},"11":{"start":{"line":33,"column":8},"end":{"line":33,"column":24}},"12":{"start":{"line":38,"column":8},"end":{"line":38,"column":39}},"13":{"start":{"line":39,"column":8},"end":{"line":39,"column":36}},"14":{"start":{"line":40,"column":8},"end":{"line":40,"column":1200}},"15":{"start":{"line":41,"column":12},"end":{"line":41,"column":40}},"16":{"start":{"line":43,"column":8},"end":{"line":43,"column":42}},"17":{"start":{"line":45,"column":8},"end":{"line":45,"column":39}},"18":{"start":{"line":46,"column":8},"end":{"line":46,"column":30}},"19":{"start":{"line":47,"column":8},"end":{"line":47,"column":1432}},"20":{"start":{"line":50,"column":8},"end":{"line":50,"column":45}},"21":{"start":{"line":51,"column":8},"end":{"line":51,"column":56}},"22":{"start":{"line":52,"column":8},"end":{"line":52,"column":84}},"23":{"start":{"line":59,"column":8},"end":{"line":59,"column":50}},"24":{"start":{"line":61,"column":8},"end":{"line":61,"column":40}},"25":{"start":{"line":65,"column":8},"end":{"line":65,"column":38}},"26":{"start":{"line":66,"column":8},"end":{"line":66,"column":2100}},"27":{"start":{"line":67,"column":12},"end":{"line":67,"column":52}},"28":{"start":{"line":72,"column":8},"end":{"line":72,"column":26}}},"branchMap":{"1":{"line":8,"type":"if","locations":[{"start":{"line":8,"column":8},"end":{"line":8,"column":8}},{"start":{"line":8,"column":8},"end":{"line":8,"column":8}}]},"2":{"line":40,"type":"if","locations":[{"start":{"line":40,"column":8},"end":{"line":40,"column":8}},{"start":{"line":40,"column":8},"end":{"line":40,"column":8}}]}}},"contracts\\RewardToken.sol":{"l":{"9":22,"13":22},"path":"C:\\Users\\deepa\\Downloads\\Claim-Drop-Contract\\contracts\\RewardToken.sol","s":{"1":22,"2":22},"b":{"1":[22,0]},"f":{"1":22,"2":22},"fnMap":{"1":{"name":"constructor","line":8,"loc":{"start":{"line":8,"column":4},"end":{"line":10,"column":4}}},"2":{"name":"mint","line":12,"loc":{"start":{"line":12,"column":4},"end":{"line":14,"column":4}}}},"statementMap":{"1":{"start":{"line":9,"column":8},"end":{"line":9,"column":45}},"2":{"start":{"line":13,"column":8},"end":{"line":13,"column":24}}},"branchMap":{"1":{"line":12,"type":"if","locations":[{"start":{"line":12,"column":55},"end":{"line":12,"column":55}},{"start":{"line":12,"column":55},"end":{"line":12,"column":55}}]}}}}