TN:
SF:C:\Users\deepa\Downloads\Claim-Drop-Contract\contracts\interfaces\IMantraClaimDropV2.sol
FNF:0
FNH:0
LF:0
LH:0
BRF:0
BRH:0
end_of_record
TN:
SF:C:\Users\deepa\Downloads\Claim-Drop-Contract\contracts\MantraAdmin.sol
FN:17,manageAuthorizedWallets
FN:30,isAuthorized
FN:42,getAuthorizedWallets
FN:81,replaceAddress
FN:93,removeAllocationByIndexPreserveOrder
FN:103,removeAddress
FN:115,blacklistAddress
FN:120,isBlacklisted
FN:129,proposeOwnership
FN:142,acceptOwnership
FN:167,cancelOwnershipTransfer
FN:181,checkOwnership
FNF:12
FNH:12
FNDA:2,manageAuthorizedWallets
FNDA:2,isAuthorized
FNDA:1,getAuthorizedWallets
FNDA:1,replaceAddress
FNDA:1,removeAllocationByIndexPreserveOrder
FNDA:1,removeAddress
FNDA:3,blacklistAddress
FNDA:2,isBlacklisted
FNDA:2,proposeOwnership
FNDA:1,acceptOwnership
FNDA:1,cancelOwnershipTransfer
FNDA:2,checkOwnership
DA:18,2
DA:19,2
DA:20,1
DA:21,1
DA:23,1
DA:24,1
DA:26,2
DA:31,2
DA:43,1
DA:44,1
DA:45,0
DA:48,1
DA:49,1
DA:50,0
DA:51,0
DA:52,0
DA:53,0
DA:54,0
DA:55,0
DA:58,0
DA:59,0
DA:63,1
DA:64,0
DA:67,1
DA:68,0
DA:71,1
DA:72,1
DA:74,1
DA:75,1
DA:76,1
DA:78,1
DA:82,1
DA:83,1
DA:84,1
DA:85,1
DA:86,3
DA:87,1
DA:88,1
DA:94,1
DA:95,1
DA:96,1
DA:97,0
DA:99,1
DA:104,1
DA:105,1
DA:106,1
DA:107,1
DA:108,3
DA:109,1
DA:110,1
DA:116,3
DA:117,3
DA:121,2
DA:130,2
DA:131,2
DA:133,2
DA:134,2
DA:136,2
DA:143,1
DA:144,1
DA:146,1
DA:149,1
DA:150,1
DA:151,1
DA:155,1
DA:158,1
DA:159,1
DA:161,1
DA:168,1
DA:170,1
DA:171,1
DA:172,1
DA:174,1
DA:182,2
LF:74
LH:62
BRDA:17,1,0,2
BRDA:17,1,1,0
BRDA:19,2,0,1
BRDA:19,2,1,1
BRDA:44,3,0,0
BRDA:44,3,1,1
BRDA:49,4,0,0
BRDA:49,4,1,1
BRDA:52,5,0,0
BRDA:52,5,1,0
BRDA:58,6,0,0
BRDA:58,6,1,0
BRDA:63,7,0,0
BRDA:63,7,1,1
BRDA:67,8,0,0
BRDA:67,8,1,1
BRDA:72,9,0,1
BRDA:72,9,1,0
BRDA:81,10,0,1
BRDA:81,10,1,0
BRDA:82,11,0,1
BRDA:82,11,1,0
BRDA:83,12,0,1
BRDA:83,12,1,0
BRDA:86,13,0,1
BRDA:86,13,1,2
BRDA:95,14,0,1
BRDA:95,14,1,0
BRDA:103,15,0,1
BRDA:103,15,1,0
BRDA:104,16,0,1
BRDA:104,16,1,0
BRDA:105,17,0,1
BRDA:105,17,1,0
BRDA:108,18,0,1
BRDA:108,18,1,2
BRDA:115,19,0,3
BRDA:115,19,1,0
BRDA:129,20,0,2
BRDA:129,20,1,0
BRDA:130,21,0,2
BRDA:130,21,1,0
BRDA:131,22,0,2
BRDA:131,22,1,0
BRDA:131,23,0,1
BRDA:131,23,1,1
BRDA:143,24,0,1
BRDA:143,24,1,0
BRDA:144,25,0,1
BRDA:144,25,1,0
BRDA:144,26,0,0
BRDA:144,26,1,1
BRDA:150,27,0,1
BRDA:150,27,1,0
BRDA:167,28,0,1
BRDA:167,28,1,0
BRDA:168,29,0,1
BRDA:168,29,1,0
BRF:58
BRH:31
end_of_record
TN:
SF:C:\Users\deepa\Downloads\Claim-Drop-Contract\contracts\MantraClaimDropV2.sol
FN:24,onlyAuthorized
FN:36,initialize
FN:51,createCampaign
FN:104,manageCampaign
FN:119,batchUpload
FN:129,addAllocation
FN:142,claim
FN:259,_transferReward
FN:277,topUpERC20
FN:287,closeCampaign
FN:335,getRewards
FN:417,getClaim
FN:471,getAllocations
FN:523,getCampaign
FN:579,getOwnership
FNF:15
FNH:14
FNDA:45,onlyAuthorized
FNDA:24,initialize
FNDA:20,createCampaign
FNDA:21,manageCampaign
FNDA:14,batchUpload
FNDA:31,addAllocation
FNDA:6,claim
FNDA:4,_transferReward
FNDA:0,topUpERC20
FNDA:1,closeCampaign
FNDA:2,getRewards
FNDA:1,getClaim
FNDA:5,getAllocations
FNDA:1,getCampaign
FNDA:1,getOwnership
DA:25,45
DA:30,45
DA:37,24
DA:38,23
DA:41,22
DA:42,22
DA:43,22
DA:45,22
DA:47,22
DA:54,20
DA:57,20
DA:58,20
DA:59,20
DA:60,20
DA:61,20
DA:62,20
DA:63,20
DA:64,20
DA:65,20
DA:68,20
DA:69,2
DA:73,20
DA:74,20
DA:75,39
DA:76,39
DA:83,39
DA:87,20
DA:90,19
DA:91,0
DA:93,19
DA:94,18
DA:97,18
DA:105,21
DA:106,21
DA:107,21
DA:108,21
DA:109,20
DA:111,1
DA:113,0
DA:120,14
DA:121,31
DA:122,31
DA:130,31
DA:131,31
DA:135,31
DA:146,6
DA:147,6
DA:148,6
DA:149,5
DA:151,5
DA:152,5
DA:153,5
DA:154,5
DA:155,5
DA:156,10
DA:157,5
DA:160,5
DA:161,5
DA:162,5
DA:167,5
DA:168,5
DA:169,5
DA:170,5
DA:173,5
DA:176,5
DA:177,5
DA:180,5
DA:181,5
DA:182,5
DA:183,0
DA:185,0
DA:187,5
DA:188,5
DA:189,5
DA:194,5
DA:197,5
DA:198,5
DA:199,5
DA:200,5
DA:203,5
DA:206,5
DA:207,5
DA:210,4
DA:213,4
DA:214,0
DA:218,4
DA:219,4
DA:221,4
DA:225,4
DA:230,4
DA:231,4
DA:233,4
DA:234,4
DA:235,4
DA:236,4
DA:237,4
DA:238,4
DA:241,4
DA:247,4
DA:254,4
DA:256,4
DA:260,4
DA:262,0
DA:263,0
DA:265,4
DA:266,4
DA:272,0
DA:273,0
DA:278,0
DA:279,0
DA:280,0
DA:281,0
DA:288,1
DA:291,1
DA:294,1
DA:295,1
DA:297,0
DA:300,1
DA:303,1
DA:304,1
DA:306,0
DA:307,0
DA:310,1
DA:311,1
DA:316,1
DA:318,1
DA:337,2
DA:338,0
DA:341,2
DA:342,2
DA:343,2
DA:344,2
DA:345,2
DA:346,4
DA:347,2
DA:349,2
DA:350,2
DA:351,2
DA:356,2
DA:357,2
DA:358,2
DA:359,2
DA:364,2
DA:365,0
DA:368,2
DA:369,2
DA:371,2
DA:372,2
DA:373,2
DA:374,0
DA:376,0
DA:378,2
DA:379,2
DA:380,2
DA:384,2
DA:385,2
DA:386,2
DA:387,2
DA:388,2
DA:391,2
DA:392,2
DA:393,2
DA:397,2
DA:407,2
DA:418,1
DA:421,1
DA:422,1
DA:423,1
DA:424,1
DA:425,1
DA:428,0
DA:429,0
DA:430,0
DA:433,0
DA:434,0
DA:436,0
DA:437,0
DA:438,0
DA:439,0
DA:444,0
DA:445,0
DA:446,0
DA:447,0
DA:450,0
DA:451,0
DA:452,0
DA:453,0
DA:454,0
DA:455,0
DA:456,0
DA:457,0
DA:458,0
DA:461,0
DA:472,5
DA:473,5
DA:474,1
DA:478,4
DA:480,1
DA:481,1
DA:482,1
DA:483,3
DA:484,2
DA:485,2
DA:486,2
DA:489,1
DA:493,3
DA:494,3
DA:495,1
DA:496,1
DA:497,1
DA:498,1
DA:501,1
DA:504,3
DA:505,3
DA:506,2
DA:507,2
DA:510,3
DA:511,3
DA:512,3
DA:513,6
DA:514,6
DA:515,6
DA:516,6
DA:517,6
DA:520,3
DA:525,1
DA:526,1
DA:527,1
DA:529,1
DA:533,1
DA:536,1
DA:537,1
DA:538,2
DA:539,2
DA:540,2
DA:541,1
DA:543,1
DA:546,0
DA:549,1
DA:551,1
DA:552,1
DA:553,1
DA:556,1
DA:572,1
DA:580,1
DA:581,1
DA:582,1
DA:583,1
LF:248
LH:204
BRDA:25,1,0,45
BRDA:25,1,1,0
BRDA:26,2,0,45
BRDA:26,2,1,0
BRDA:37,3,0,23
BRDA:37,3,1,1
BRDA:38,4,0,22
BRDA:38,4,1,1
BRDA:54,5,0,20
BRDA:54,5,1,0
BRDA:87,6,0,19
BRDA:87,6,1,1
BRDA:90,7,0,0
BRDA:90,7,1,19
BRDA:91,8,0,0
BRDA:91,8,1,0
BRDA:94,9,0,18
BRDA:94,9,1,0
BRDA:104,10,0,21
BRDA:104,10,1,0
BRDA:108,11,0,20
BRDA:108,11,1,1
BRDA:110,12,0,1
BRDA:110,12,1,0
BRDA:119,13,0,14
BRDA:119,13,1,0
BRDA:129,14,0,31
BRDA:129,14,1,0
BRDA:130,15,0,31
BRDA:130,15,1,0
BRDA:146,16,0,6
BRDA:146,16,1,0
BRDA:147,17,0,6
BRDA:147,17,1,0
BRDA:148,18,0,5
BRDA:148,18,1,1
BRDA:149,19,0,5
BRDA:149,19,1,0
BRDA:156,20,0,5
BRDA:156,20,1,5
BRDA:159,21,0,5
BRDA:159,21,1,0
BRDA:169,22,0,5
BRDA:169,22,1,0
BRDA:173,23,0,5
BRDA:173,23,1,0
BRDA:181,24,0,5
BRDA:181,24,1,0
BRDA:182,25,0,0
BRDA:182,25,1,5
BRDA:184,26,0,0
BRDA:184,26,1,5
BRDA:199,27,0,5
BRDA:199,27,1,0
BRDA:203,28,0,5
BRDA:203,28,1,0
BRDA:206,29,0,0
BRDA:206,29,1,5
BRDA:207,30,0,4
BRDA:207,30,1,1
BRDA:213,31,0,0
BRDA:213,31,1,4
BRDA:235,32,0,4
BRDA:235,32,1,0
BRDA:236,33,0,4
BRDA:236,33,1,0
BRDA:260,34,0,0
BRDA:260,34,1,4
BRDA:263,35,0,0
BRDA:263,35,1,0
BRDA:266,36,0,4
BRDA:266,36,1,0
BRDA:272,37,0,0
BRDA:272,37,1,0
BRDA:277,38,0,0
BRDA:277,38,1,0
BRDA:278,39,0,0
BRDA:278,39,1,0
BRDA:280,40,0,0
BRDA:280,40,1,0
BRDA:288,41,0,1
BRDA:288,41,1,0
BRDA:295,42,0,0
BRDA:295,42,1,1
BRDA:303,43,0,1
BRDA:303,43,1,0
BRDA:304,44,0,0
BRDA:304,44,1,1
BRDA:307,45,0,0
BRDA:307,45,1,0
BRDA:311,46,0,1
BRDA:311,46,1,0
BRDA:337,47,0,0
BRDA:337,47,1,2
BRDA:346,48,0,2
BRDA:346,48,1,2
BRDA:348,49,0,2
BRDA:348,49,1,0
BRDA:358,50,0,2
BRDA:358,50,1,0
BRDA:364,51,0,0
BRDA:364,51,1,2
BRDA:372,52,0,2
BRDA:372,52,1,0
BRDA:373,53,0,0
BRDA:373,53,1,2
BRDA:375,54,0,0
BRDA:375,54,1,2
BRDA:387,55,0,2
BRDA:387,55,1,0
BRDA:392,56,0,2
BRDA:392,56,1,0
BRDA:421,57,0,1
BRDA:421,57,1,0
BRDA:429,58,0,0
BRDA:429,58,1,0
BRDA:434,59,0,0
BRDA:434,59,1,0
BRDA:437,60,0,0
BRDA:437,60,1,0
BRDA:445,61,0,0
BRDA:445,61,1,0
BRDA:447,62,0,0
BRDA:447,62,1,0
BRDA:457,63,0,0
BRDA:457,63,1,0
BRDA:473,64,0,1
BRDA:473,64,1,4
BRDA:478,65,0,1
BRDA:478,65,1,3
BRDA:483,66,0,2
BRDA:483,66,1,1
BRDA:485,67,0,1
BRDA:485,67,1,1
BRDA:494,68,0,1
BRDA:494,68,1,2
BRDA:496,69,0,1
BRDA:496,69,1,0
BRDA:501,70,0,0
BRDA:501,70,1,1
BRDA:505,71,0,2
BRDA:505,71,1,1
BRDA:507,72,0,1
BRDA:507,72,1,1
BRDA:516,73,0,3
BRDA:516,73,1,3
BRDA:540,74,0,1
BRDA:540,74,1,1
BRDA:542,75,0,1
BRDA:542,75,1,0
BRDA:553,76,0,1
BRDA:553,76,1,0
BRDA:580,77,0,0
BRDA:580,77,1,1
BRDA:581,78,0,1
BRDA:581,78,1,0
BRF:156
BRH:82
end_of_record
TN:
SF:C:\Users\deepa\Downloads\Claim-Drop-Contract\contracts\MantraHelpers.sol
FN:7,uintToString
FN:26,pad6
FN:36,formatPercentage
FN:58,addressToString
FNF:4
FNH:4
FNDA:26,uintToString
FNDA:2,pad6
FNDA:2,formatPercentage
FNDA:10,addressToString
DA:8,26
DA:9,6
DA:11,20
DA:12,20
DA:13,20
DA:14,377
DA:15,377
DA:17,20
DA:18,20
DA:19,377
DA:20,377
DA:21,377
DA:23,20
DA:28,2
DA:29,2
DA:30,12
DA:31,12
DA:33,2
DA:38,2
DA:39,2
DA:40,2
DA:41,0
DA:43,2
DA:45,2
DA:46,2
DA:47,2
DA:48,2
DA:50,2
DA:51,2
DA:52,2
DA:59,10
DA:61,10
DA:62,10
DA:63,10
DA:65,10
DA:66,10
DA:67,200
DA:68,200
DA:69,200
DA:72,10
LF:40
LH:39
BRDA:8,1,0,6
BRDA:8,1,1,20
BRDA:40,2,0,0
BRDA:40,2,1,2
BRF:4
BRH:3
end_of_record
TN:
SF:C:\Users\deepa\Downloads\Claim-Drop-Contract\contracts\RewardToken.sol
FN:8,constructor
FN:12,mint
FNF:2
FNH:2
FNDA:22,constructor
FNDA:22,mint
DA:9,22
DA:13,22
LF:2
LH:2
BRDA:12,1,0,22
BRDA:12,1,1,0
BRF:2
BRH:1
end_of_record
